<?xml version="1.0" encoding="UTF-8"?>
<testsuite name="ResistorColorTest" tests="4" skipped="0" failures="0" errors="0" timestamp="2022-05-19T20:53:49" hostname="Benjamins-MBP" time="0.066">
  <properties/>
  <testcase name="testWhiteColorCode" classname="ResistorColorTest" time="0.054"/>
  <testcase name="testColors" classname="ResistorColorTest" time="0.007"/>
  <testcase name="testBlackColorCode" classname="ResistorColorTest" time="0.001"/>
  <testcase name="testOrangeColorCode" classname="ResistorColorTest" time="0.0"/>
  <system-out><![CDATA[]]></system-out>
  <system-err><![CDATA[]]></system-err>
</testsuite>
