<?xml version="1.0" encoding="UTF-8"?>
<testsuite name="DoublyLinkedListTest" tests="5" skipped="0" failures="0" errors="0" timestamp="2022-10-26T21:08:59" hostname="Benjamins-MacBook-Pro.local" time="0.119">
  <properties/>
  <testcase name="testExample" classname="DoublyLinkedListTest" time="0.091"/>
  <testcase name="testPushPop" classname="DoublyLinkedListTest" time="0.009"/>
  <testcase name="testPushShift" classname="DoublyLinkedListTest" time="0.003"/>
  <testcase name="testUnshiftPop" classname="DoublyLinkedListTest" time="0.0"/>
  <testcase name="testUnshiftShift" classname="DoublyLinkedListTest" time="0.006"/>
  <system-out><![CDATA[]]></system-out>
  <system-err><![CDATA[]]></system-err>
</testsuite>
